Exception Code : E0434352 
Crash Address:  767E46D2 01:001136D2 C:\WINDOWS\System32\KERNELBASE.dll

CPU:
EAX:085BF8A0
EBX:00000005
ECX:00000005
EDX:00000000
ESI:085BF964
EDI:00000001
CS:EIP:0023:767E46D2
SS:ESP:002B:085BF8A0  EBP:085BF8FC
DS:002B  ES:002B  FS:0053  GS:002B
Flags:00000216

PDB Search Path:.;C:\Users\admin\source\repos\miner\miner\bin\Debug\

Call Stack:
Address   Frame     Function            SourceFile
767E46D2  085BF8FC  FrmAddr Failed:870001:001136D2 C:\WINDOWS\System32\KERNELBASE.dll
71F228F1  085BF998  FrmAddr Failed:870001:001018F1 C:\Windows\Microsoft.NET\Framework\v4.0.30319\clr.dll
71F23796  085BFA60  FrmAddr Failed:870001:00102796 C:\Windows\Microsoft.NET\Framework\v4.0.30319\clr.dll
6F9572B6  085BFA70  FrmAddr Failed:870002:006E92B6 C:\WINDOWS\assembly\NativeImages_v4.0.30319_32\System\b7284e08d0391cf6ee2db0487c643b5f\System.ni.dll
6F9572C3  085BFA80  FrmAddr Failed:870002:006E92C3 C:\WINDOWS\assembly\NativeImages_v4.0.30319_32\System\b7284e08d0391cf6ee2db0487c643b5f\System.ni.dll
6F2C67E0  085BFAC8  FrmAddr Failed:870002:000587E0 C:\WINDOWS\assembly\NativeImages_v4.0.30319_32\System\b7284e08d0391cf6ee2db0487c643b5f\System.ni.dll
062116AC  085BFAE0  FrmAddr Failed:870000:00000000 
02B51A31  085BFB20  FrmAddr Failed:870000:00000000 
00F1D078  085BFB4C  FrmAddr Failed:870000:00000000 
7686B503  085BFBE4  FrmAddr Failed:870001:0019A503 C:\WINDOWS\System32\KERNELBASE.dll
75FD6359  085BFBF4  FrmAddr Failed:870001:00006359 C:\WINDOWS\System32\KERNEL32.dll
771F8944  085BFC50  FrmAddr Failed:870001:00067944 C:\WINDOWS\SYSTEM32\ntdll.dll
771F8914  085BFC60  FrmAddr Failed:870001:00067914 C:\WINDOWS\SYSTEM32\ntdll.dll
Stack Param Info:

Call Stack:
Address   Frame     Function            SourceFile
767E46D2  085BF8FC  FrmAddr Failed:870001:001136D2 C:\WINDOWS\System32\KERNELBASE.dll

71F228F1  085BF998  FrmAddr Failed:870001:001018F1 C:\Windows\Microsoft.NET\Framework\v4.0.30319\clr.dll

71F23796  085BFA60  FrmAddr Failed:870001:00102796 C:\Windows\Microsoft.NET\Framework\v4.0.30319\clr.dll

6F9572B6  085BFA70  FrmAddr Failed:870002:006E92B6 C:\WINDOWS\assembly\NativeImages_v4.0.30319_32\System\b7284e08d0391cf6ee2db0487c643b5f\System.ni.dll

6F9572C3  085BFA80  FrmAddr Failed:870002:006E92C3 C:\WINDOWS\assembly\NativeImages_v4.0.30319_32\System\b7284e08d0391cf6ee2db0487c643b5f\System.ni.dll

6F2C67E0  085BFAC8  FrmAddr Failed:870002:000587E0 C:\WINDOWS\assembly\NativeImages_v4.0.30319_32\System\b7284e08d0391cf6ee2db0487c643b5f\System.ni.dll

062116AC  085BFAE0  FrmAddr Failed:870000:00000000 

02B51A31  085BFB20  FrmAddr Failed:870000:00000000 

00F1D078  085BFB4C  FrmAddr Failed:870000:00000000 

7686B503  085BFBE4  FrmAddr Failed:870001:0019A503 C:\WINDOWS\System32\KERNELBASE.dll

75FD6359  085BFBF4  FrmAddr Failed:870001:00006359 C:\WINDOWS\System32\KERNEL32.dll

771F8944  085BFC50  FrmAddr Failed:870001:00067944 C:\WINDOWS\SYSTEM32\ntdll.dll

771F8914  085BFC60  FrmAddr Failed:870001:00067914 C:\WINDOWS\SYSTEM32\ntdll.dll


